0 info it worked if it ends with ok
1 verbose cli [ '/usr/bin/nodejs', '/usr/bin/npm', 'install' ]
2 info using npm@3.5.2
3 info using node@v4.2.6
4 silly loadCurrentTree Starting
5 silly install loadCurrentTree
6 silly install readLocalPackageData
7 silly install normalizeTree
8 silly loadCurrentTree Finishing
9 silly loadIdealTree Starting
10 silly install loadIdealTree
11 silly cloneCurrentTree Starting
12 silly install cloneCurrentTreeToIdealTree
13 silly cloneCurrentTree Finishing
14 silly loadShrinkwrap Starting
15 silly install loadShrinkwrap
16 silly loadShrinkwrap Finishing
17 silly loadAllDepsIntoIdealTree Starting
18 silly install loadAllDepsIntoIdealTree
19 silly fetchNamedPackageData body-parser
20 silly mapToRegistry name body-parser
21 silly mapToRegistry using default registry
22 silly mapToRegistry registry https://registry.npmjs.org/
23 silly mapToRegistry uri https://registry.npmjs.org/body-parser
24 silly fetchNamedPackageData cookie-parser
25 silly mapToRegistry name cookie-parser
26 silly mapToRegistry using default registry
27 silly mapToRegistry registry https://registry.npmjs.org/
28 silly mapToRegistry uri https://registry.npmjs.org/cookie-parser
29 silly fetchNamedPackageData debug
30 silly mapToRegistry name debug
31 silly mapToRegistry using default registry
32 silly mapToRegistry registry https://registry.npmjs.org/
33 silly mapToRegistry uri https://registry.npmjs.org/debug
34 silly fetchNamedPackageData express
35 silly mapToRegistry name express
36 silly mapToRegistry using default registry
37 silly mapToRegistry registry https://registry.npmjs.org/
38 silly mapToRegistry uri https://registry.npmjs.org/express
39 silly fetchNamedPackageData express-session
40 silly mapToRegistry name express-session
41 silly mapToRegistry using default registry
42 silly mapToRegistry registry https://registry.npmjs.org/
43 silly mapToRegistry uri https://registry.npmjs.org/express-session
44 silly fetchNamedPackageData http-errors
45 silly mapToRegistry name http-errors
46 silly mapToRegistry using default registry
47 silly mapToRegistry registry https://registry.npmjs.org/
48 silly mapToRegistry uri https://registry.npmjs.org/http-errors
49 silly fetchNamedPackageData morgan
50 silly mapToRegistry name morgan
51 silly mapToRegistry using default registry
52 silly mapToRegistry registry https://registry.npmjs.org/
53 silly mapToRegistry uri https://registry.npmjs.org/morgan
54 silly fetchNamedPackageData pug
55 silly mapToRegistry name pug
56 silly mapToRegistry using default registry
57 silly mapToRegistry registry https://registry.npmjs.org/
58 silly mapToRegistry uri https://registry.npmjs.org/pug
59 silly fetchNamedPackageData passport
60 silly mapToRegistry name passport
61 silly mapToRegistry using default registry
62 silly mapToRegistry registry https://registry.npmjs.org/
63 silly mapToRegistry uri https://registry.npmjs.org/passport
64 silly fetchNamedPackageData mongoose
65 silly mapToRegistry name mongoose
66 silly mapToRegistry using default registry
67 silly mapToRegistry registry https://registry.npmjs.org/
68 silly mapToRegistry uri https://registry.npmjs.org/mongoose
69 silly fetchNamedPackageData passport-google-oauth
70 silly mapToRegistry name passport-google-oauth
71 silly mapToRegistry using default registry
72 silly mapToRegistry registry https://registry.npmjs.org/
73 silly mapToRegistry uri https://registry.npmjs.org/passport-google-oauth
74 silly fetchNamedPackageData ejb
75 silly mapToRegistry name ejb
76 silly mapToRegistry using default registry
77 silly mapToRegistry registry https://registry.npmjs.org/
78 silly mapToRegistry uri https://registry.npmjs.org/ejb
79 verbose request uri https://registry.npmjs.org/ejb
80 verbose request no auth needed
81 info attempt registry request try #1 at 7:37:38 PM
82 verbose request id 432638e0997ab8c3
83 http request GET https://registry.npmjs.org/ejb
84 verbose request uri https://registry.npmjs.org/cookie-parser
85 verbose request no auth needed
86 info attempt registry request try #1 at 7:37:38 PM
87 verbose etag W/"46619525bd31a23c6d40b5ae29d11c90"
88 verbose lastModified Sun, 10 Mar 2019 10:51:01 GMT
89 http request GET https://registry.npmjs.org/cookie-parser
90 verbose request uri https://registry.npmjs.org/body-parser
91 verbose request no auth needed
92 info attempt registry request try #1 at 7:37:38 PM
93 verbose etag W/"f964f603e8da8888073bf1fdcada7aa9"
94 verbose lastModified Sat, 21 Sep 2019 18:45:40 GMT
95 http request GET https://registry.npmjs.org/body-parser
96 verbose request uri https://registry.npmjs.org/debug
97 verbose request no auth needed
98 info attempt registry request try #1 at 7:37:38 PM
99 verbose etag W/"113244ff901a892b258aad74bfa7f12c"
100 verbose lastModified Wed, 16 Oct 2019 21:26:39 GMT
101 http request GET https://registry.npmjs.org/debug
102 verbose request uri https://registry.npmjs.org/morgan
103 verbose request no auth needed
104 info attempt registry request try #1 at 7:37:38 PM
105 verbose etag W/"d80a5613d77c0e9b9b630904c362e87c"
106 verbose lastModified Wed, 17 Jul 2019 02:33:22 GMT
107 http request GET https://registry.npmjs.org/morgan
108 verbose request uri https://registry.npmjs.org/express-session
109 verbose request no auth needed
110 info attempt registry request try #1 at 7:37:38 PM
111 verbose etag W/"9f3f729f3bd181780180c87e5df441e6"
112 verbose lastModified Fri, 11 Oct 2019 03:08:59 GMT
113 http request GET https://registry.npmjs.org/express-session
114 verbose request uri https://registry.npmjs.org/http-errors
115 verbose request no auth needed
116 info attempt registry request try #1 at 7:37:38 PM
117 verbose etag W/"4f9d278557ea8a403a4d9fb193be9854"
118 verbose lastModified Mon, 24 Jun 2019 23:21:23 GMT
119 http request GET https://registry.npmjs.org/http-errors
120 verbose request uri https://registry.npmjs.org/pug
121 verbose request no auth needed
122 info attempt registry request try #1 at 7:37:38 PM
123 verbose etag W/"6747f2edf0f5342601444f2285309587"
124 verbose lastModified Sun, 22 Sep 2019 20:50:20 GMT
125 http request GET https://registry.npmjs.org/pug
126 verbose request uri https://registry.npmjs.org/passport
127 verbose request no auth needed
128 info attempt registry request try #1 at 7:37:38 PM
129 verbose etag W/"afbaad63f1bd5afee124f90f949590a4"
130 verbose lastModified Sat, 21 Sep 2019 18:46:15 GMT
131 http request GET https://registry.npmjs.org/passport
132 verbose request uri https://registry.npmjs.org/passport-google-oauth
133 verbose request no auth needed
134 info attempt registry request try #1 at 7:37:38 PM
135 verbose etag W/"f6daab87cb6374e16df108ebdf8f3c98"
136 verbose lastModified Fri, 08 Mar 2019 23:52:52 GMT
137 http request GET https://registry.npmjs.org/passport-google-oauth
138 verbose request uri https://registry.npmjs.org/mongoose
139 verbose request no auth needed
140 info attempt registry request try #1 at 7:37:38 PM
141 verbose etag W/"11f67b394fc1873a8e0b94e7a68303ff"
142 verbose lastModified Thu, 14 Nov 2019 16:00:50 GMT
143 http request GET https://registry.npmjs.org/mongoose
144 verbose request uri https://registry.npmjs.org/express
145 verbose request no auth needed
146 info attempt registry request try #1 at 7:37:38 PM
147 verbose etag W/"f940e01a8b2087129c426bf8863780bc"
148 verbose lastModified Wed, 07 Aug 2019 14:59:56 GMT
149 http request GET https://registry.npmjs.org/express
150 http 304 https://registry.npmjs.org/debug
151 verbose headers { date: 'Sat, 16 Nov 2019 14:07:38 GMT',
151 verbose headers   connection: 'keep-alive',
151 verbose headers   'set-cookie': [ '__cfduid=d354a865536667b3d149ea871135f07121573913258; expires=Sun, 15-Nov-20 14:07:38 GMT; path=/; domain=.npmjs.org; HttpOnly' ],
151 verbose headers   'cf-cache-status': 'HIT',
151 verbose headers   'cache-control': 'max-age=300',
151 verbose headers   'cf-ray': '536a084c2c28dca5-MAA',
151 verbose headers   age: '365',
151 verbose headers   etag: '"113244ff901a892b258aad74bfa7f12c"',
151 verbose headers   'expect-ct': 'max-age=604800, report-uri="https://report-uri.cloudflare.com/cdn-cgi/beacon/expect-ct"',
151 verbose headers   'last-modified': 'Wed, 16 Oct 2019 21:26:39 GMT',
151 verbose headers   vary: 'accept-encoding, accept',
151 verbose headers   'x-amz-meta-rev': '906-4529d8f9c8bba40629e3ca4048ed56bc',
151 verbose headers   server: 'cloudflare' }
152 silly get cb [ 304,
152 silly get   { date: 'Sat, 16 Nov 2019 14:07:38 GMT',
152 silly get     connection: 'keep-alive',
152 silly get     'set-cookie': [ '__cfduid=d354a865536667b3d149ea871135f07121573913258; expires=Sun, 15-Nov-20 14:07:38 GMT; path=/; domain=.npmjs.org; HttpOnly' ],
152 silly get     'cf-cache-status': 'HIT',
152 silly get     'cache-control': 'max-age=300',
152 silly get     'cf-ray': '536a084c2c28dca5-MAA',
152 silly get     age: '365',
152 silly get     etag: '"113244ff901a892b258aad74bfa7f12c"',
152 silly get     'expect-ct': 'max-age=604800, report-uri="https://report-uri.cloudflare.com/cdn-cgi/beacon/expect-ct"',
152 silly get     'last-modified': 'Wed, 16 Oct 2019 21:26:39 GMT',
152 silly get     vary: 'accept-encoding, accept',
152 silly get     'x-amz-meta-rev': '906-4529d8f9c8bba40629e3ca4048ed56bc',
152 silly get     server: 'cloudflare' } ]
153 verbose etag https://registry.npmjs.org/debug from cache
154 verbose get saving debug to /home/raamohan/.npm/registry.npmjs.org/debug/.cache.json
155 http 304 https://registry.npmjs.org/passport-google-oauth
156 verbose headers { date: 'Sat, 16 Nov 2019 14:07:38 GMT',
156 verbose headers   connection: 'keep-alive',
156 verbose headers   'set-cookie': [ '__cfduid=d354a865536667b3d149ea871135f07121573913258; expires=Sun, 15-Nov-20 14:07:38 GMT; path=/; domain=.npmjs.org; HttpOnly' ],
156 verbose headers   'cf-cache-status': 'HIT',
156 verbose headers   'cache-control': 'max-age=300',
156 verbose headers   'cf-ray': '536a084c2c33dca5-MAA',
156 verbose headers   age: '2614',
156 verbose headers   etag: '"f6daab87cb6374e16df108ebdf8f3c98"',
156 verbose headers   'expect-ct': 'max-age=604800, report-uri="https://report-uri.cloudflare.com/cdn-cgi/beacon/expect-ct"',
156 verbose headers   'last-modified': 'Fri, 08 Mar 2019 23:52:52 GMT',
156 verbose headers   vary: 'accept-encoding, accept',
156 verbose headers   'x-amz-meta-rev': '49-4a307078404e52591ae25c70bf92c0cd',
156 verbose headers   server: 'cloudflare' }
157 silly get cb [ 304,
157 silly get   { date: 'Sat, 16 Nov 2019 14:07:38 GMT',
157 silly get     connection: 'keep-alive',
157 silly get     'set-cookie': [ '__cfduid=d354a865536667b3d149ea871135f07121573913258; expires=Sun, 15-Nov-20 14:07:38 GMT; path=/; domain=.npmjs.org; HttpOnly' ],
157 silly get     'cf-cache-status': 'HIT',
157 silly get     'cache-control': 'max-age=300',
157 silly get     'cf-ray': '536a084c2c33dca5-MAA',
157 silly get     age: '2614',
157 silly get     etag: '"f6daab87cb6374e16df108ebdf8f3c98"',
157 silly get     'expect-ct': 'max-age=604800, report-uri="https://report-uri.cloudflare.com/cdn-cgi/beacon/expect-ct"',
157 silly get     'last-modified': 'Fri, 08 Mar 2019 23:52:52 GMT',
157 silly get     vary: 'accept-encoding, accept',
157 silly get     'x-amz-meta-rev': '49-4a307078404e52591ae25c70bf92c0cd',
157 silly get     server: 'cloudflare' } ]
158 verbose etag https://registry.npmjs.org/passport-google-oauth from cache
159 verbose get saving passport-google-oauth to /home/raamohan/.npm/registry.npmjs.org/passport-google-oauth/.cache.json
160 http 304 https://registry.npmjs.org/passport
161 verbose headers { date: 'Sat, 16 Nov 2019 14:07:38 GMT',
161 verbose headers   connection: 'keep-alive',
161 verbose headers   'set-cookie': [ '__cfduid=d7abea68bcbdaef7a88f9fa4563514e401573913258; expires=Sun, 15-Nov-20 14:07:38 GMT; path=/; domain=.npmjs.org; HttpOnly' ],
161 verbose headers   'cf-cache-status': 'HIT',
161 verbose headers   'cache-control': 'max-age=300',
161 verbose headers   'cf-ray': '536a084c2982dca9-MAA',
161 verbose headers   age: '2744',
161 verbose headers   etag: '"afbaad63f1bd5afee124f90f949590a4"',
161 verbose headers   'expect-ct': 'max-age=604800, report-uri="https://report-uri.cloudflare.com/cdn-cgi/beacon/expect-ct"',
161 verbose headers   'last-modified': 'Sat, 21 Sep 2019 18:46:15 GMT',
161 verbose headers   vary: 'accept-encoding, accept',
161 verbose headers   'x-amz-meta-rev': '664-92dcf141fe955aa0359d45fd75836f8f',
161 verbose headers   server: 'cloudflare' }
162 silly get cb [ 304,
162 silly get   { date: 'Sat, 16 Nov 2019 14:07:38 GMT',
162 silly get     connection: 'keep-alive',
162 silly get     'set-cookie': [ '__cfduid=d7abea68bcbdaef7a88f9fa4563514e401573913258; expires=Sun, 15-Nov-20 14:07:38 GMT; path=/; domain=.npmjs.org; HttpOnly' ],
162 silly get     'cf-cache-status': 'HIT',
162 silly get     'cache-control': 'max-age=300',
162 silly get     'cf-ray': '536a084c2982dca9-MAA',
162 silly get     age: '2744',
162 silly get     etag: '"afbaad63f1bd5afee124f90f949590a4"',
162 silly get     'expect-ct': 'max-age=604800, report-uri="https://report-uri.cloudflare.com/cdn-cgi/beacon/expect-ct"',
162 silly get     'last-modified': 'Sat, 21 Sep 2019 18:46:15 GMT',
162 silly get     vary: 'accept-encoding, accept',
162 silly get     'x-amz-meta-rev': '664-92dcf141fe955aa0359d45fd75836f8f',
162 silly get     server: 'cloudflare' } ]
163 verbose etag https://registry.npmjs.org/passport from cache
164 verbose get saving passport to /home/raamohan/.npm/registry.npmjs.org/passport/.cache.json
165 http 304 https://registry.npmjs.org/mongoose
166 verbose headers { date: 'Sat, 16 Nov 2019 14:07:38 GMT',
166 verbose headers   connection: 'keep-alive',
166 verbose headers   'set-cookie': [ '__cfduid=d7abea68bcbdaef7a88f9fa4563514e401573913258; expires=Sun, 15-Nov-20 14:07:38 GMT; path=/; domain=.npmjs.org; HttpOnly' ],
166 verbose headers   'cf-cache-status': 'HIT',
166 verbose headers   'cache-control': 'max-age=300',
166 verbose headers   'cf-ray': '536a084c3998dca9-MAA',
166 verbose headers   age: '4320',
166 verbose headers   etag: '"11f67b394fc1873a8e0b94e7a68303ff"',
166 verbose headers   'expect-ct': 'max-age=604800, report-uri="https://report-uri.cloudflare.com/cdn-cgi/beacon/expect-ct"',
166 verbose headers   'last-modified': 'Thu, 14 Nov 2019 16:00:50 GMT',
166 verbose headers   vary: 'accept-encoding, accept',
166 verbose headers   'x-amz-meta-rev': '1769-f201241d43769b357b2c7b441278fcc1',
166 verbose headers   server: 'cloudflare' }
167 silly get cb [ 304,
167 silly get   { date: 'Sat, 16 Nov 2019 14:07:38 GMT',
167 silly get     connection: 'keep-alive',
167 silly get     'set-cookie': [ '__cfduid=d7abea68bcbdaef7a88f9fa4563514e401573913258; expires=Sun, 15-Nov-20 14:07:38 GMT; path=/; domain=.npmjs.org; HttpOnly' ],
167 silly get     'cf-cache-status': 'HIT',
167 silly get     'cache-control': 'max-age=300',
167 silly get     'cf-ray': '536a084c3998dca9-MAA',
167 silly get     age: '4320',
167 silly get     etag: '"11f67b394fc1873a8e0b94e7a68303ff"',
167 silly get     'expect-ct': 'max-age=604800, report-uri="https://report-uri.cloudflare.com/cdn-cgi/beacon/expect-ct"',
167 silly get     'last-modified': 'Thu, 14 Nov 2019 16:00:50 GMT',
167 silly get     vary: 'accept-encoding, accept',
167 silly get     'x-amz-meta-rev': '1769-f201241d43769b357b2c7b441278fcc1',
167 silly get     server: 'cloudflare' } ]
168 verbose etag https://registry.npmjs.org/mongoose from cache
169 verbose get saving mongoose to /home/raamohan/.npm/registry.npmjs.org/mongoose/.cache.json
170 http 304 https://registry.npmjs.org/pug
171 verbose headers { date: 'Sat, 16 Nov 2019 14:07:38 GMT',
171 verbose headers   connection: 'keep-alive',
171 verbose headers   'set-cookie': [ '__cfduid=d7abea68bcbdaef7a88f9fa4563514e401573913258; expires=Sun, 15-Nov-20 14:07:38 GMT; path=/; domain=.npmjs.org; HttpOnly' ],
171 verbose headers   'cf-cache-status': 'HIT',
171 verbose headers   'cache-control': 'max-age=300',
171 verbose headers   'cf-ray': '536a084c2973dca9-MAA',
171 verbose headers   age: '3210',
171 verbose headers   etag: '"6747f2edf0f5342601444f2285309587"',
171 verbose headers   'expect-ct': 'max-age=604800, report-uri="https://report-uri.cloudflare.com/cdn-cgi/beacon/expect-ct"',
171 verbose headers   'last-modified': 'Sun, 22 Sep 2019 20:50:20 GMT',
171 verbose headers   vary: 'accept-encoding, accept',
171 verbose headers   'x-amz-meta-rev': '262-d3b34bb377e2464d66056a74c60d6eac',
171 verbose headers   server: 'cloudflare' }
172 silly get cb [ 304,
172 silly get   { date: 'Sat, 16 Nov 2019 14:07:38 GMT',
172 silly get     connection: 'keep-alive',
172 silly get     'set-cookie': [ '__cfduid=d7abea68bcbdaef7a88f9fa4563514e401573913258; expires=Sun, 15-Nov-20 14:07:38 GMT; path=/; domain=.npmjs.org; HttpOnly' ],
172 silly get     'cf-cache-status': 'HIT',
172 silly get     'cache-control': 'max-age=300',
172 silly get     'cf-ray': '536a084c2973dca9-MAA',
172 silly get     age: '3210',
172 silly get     etag: '"6747f2edf0f5342601444f2285309587"',
172 silly get     'expect-ct': 'max-age=604800, report-uri="https://report-uri.cloudflare.com/cdn-cgi/beacon/expect-ct"',
172 silly get     'last-modified': 'Sun, 22 Sep 2019 20:50:20 GMT',
172 silly get     vary: 'accept-encoding, accept',
172 silly get     'x-amz-meta-rev': '262-d3b34bb377e2464d66056a74c60d6eac',
172 silly get     server: 'cloudflare' } ]
173 verbose etag https://registry.npmjs.org/pug from cache
174 verbose get saving pug to /home/raamohan/.npm/registry.npmjs.org/pug/.cache.json
175 http 304 https://registry.npmjs.org/morgan
176 verbose headers { date: 'Sat, 16 Nov 2019 14:07:38 GMT',
176 verbose headers   connection: 'keep-alive',
176 verbose headers   'set-cookie': [ '__cfduid=ddb6db2dbe8c389f8bd4cbbb7ec33e9de1573913258; expires=Sun, 15-Nov-20 14:07:38 GMT; path=/; domain=.npmjs.org; HttpOnly' ],
176 verbose headers   'cf-cache-status': 'HIT',
176 verbose headers   'cache-control': 'max-age=300',
176 verbose headers   'cf-ray': '536a084c2b14dc9d-MAA',
176 verbose headers   age: '3210',
176 verbose headers   etag: '"d80a5613d77c0e9b9b630904c362e87c"',
176 verbose headers   'expect-ct': 'max-age=604800, report-uri="https://report-uri.cloudflare.com/cdn-cgi/beacon/expect-ct"',
176 verbose headers   'last-modified': 'Wed, 17 Jul 2019 02:33:22 GMT',
176 verbose headers   vary: 'accept-encoding, accept',
176 verbose headers   'x-amz-meta-rev': '536-fdf857af4ced422fa7ff9a13f0274ad6',
176 verbose headers   server: 'cloudflare' }
177 silly get cb [ 304,
177 silly get   { date: 'Sat, 16 Nov 2019 14:07:38 GMT',
177 silly get     connection: 'keep-alive',
177 silly get     'set-cookie': [ '__cfduid=ddb6db2dbe8c389f8bd4cbbb7ec33e9de1573913258; expires=Sun, 15-Nov-20 14:07:38 GMT; path=/; domain=.npmjs.org; HttpOnly' ],
177 silly get     'cf-cache-status': 'HIT',
177 silly get     'cache-control': 'max-age=300',
177 silly get     'cf-ray': '536a084c2b14dc9d-MAA',
177 silly get     age: '3210',
177 silly get     etag: '"d80a5613d77c0e9b9b630904c362e87c"',
177 silly get     'expect-ct': 'max-age=604800, report-uri="https://report-uri.cloudflare.com/cdn-cgi/beacon/expect-ct"',
177 silly get     'last-modified': 'Wed, 17 Jul 2019 02:33:22 GMT',
177 silly get     vary: 'accept-encoding, accept',
177 silly get     'x-amz-meta-rev': '536-fdf857af4ced422fa7ff9a13f0274ad6',
177 silly get     server: 'cloudflare' } ]
178 verbose etag https://registry.npmjs.org/morgan from cache
179 verbose get saving morgan to /home/raamohan/.npm/registry.npmjs.org/morgan/.cache.json
180 http 304 https://registry.npmjs.org/body-parser
181 verbose headers { date: 'Sat, 16 Nov 2019 14:07:38 GMT',
181 verbose headers   connection: 'keep-alive',
181 verbose headers   'set-cookie': [ '__cfduid=d966c6f13dab1c0747e14ab89ea1e7dfb1573913258; expires=Sun, 15-Nov-20 14:07:38 GMT; path=/; domain=.npmjs.org; HttpOnly' ],
181 verbose headers   'cf-cache-status': 'HIT',
181 verbose headers   'cache-control': 'max-age=300',
181 verbose headers   'cf-ray': '536a084c2a03dc89-MAA',
181 verbose headers   age: '5220',
181 verbose headers   etag: '"f964f603e8da8888073bf1fdcada7aa9"',
181 verbose headers   'expect-ct': 'max-age=604800, report-uri="https://report-uri.cloudflare.com/cdn-cgi/beacon/expect-ct"',
181 verbose headers   'last-modified': 'Sat, 21 Sep 2019 18:45:40 GMT',
181 verbose headers   vary: 'accept-encoding, accept',
181 verbose headers   'x-amz-meta-rev': '797-d40874abb51980e4f3423a73daed1335',
181 verbose headers   server: 'cloudflare' }
182 silly get cb [ 304,
182 silly get   { date: 'Sat, 16 Nov 2019 14:07:38 GMT',
182 silly get     connection: 'keep-alive',
182 silly get     'set-cookie': [ '__cfduid=d966c6f13dab1c0747e14ab89ea1e7dfb1573913258; expires=Sun, 15-Nov-20 14:07:38 GMT; path=/; domain=.npmjs.org; HttpOnly' ],
182 silly get     'cf-cache-status': 'HIT',
182 silly get     'cache-control': 'max-age=300',
182 silly get     'cf-ray': '536a084c2a03dc89-MAA',
182 silly get     age: '5220',
182 silly get     etag: '"f964f603e8da8888073bf1fdcada7aa9"',
182 silly get     'expect-ct': 'max-age=604800, report-uri="https://report-uri.cloudflare.com/cdn-cgi/beacon/expect-ct"',
182 silly get     'last-modified': 'Sat, 21 Sep 2019 18:45:40 GMT',
182 silly get     vary: 'accept-encoding, accept',
182 silly get     'x-amz-meta-rev': '797-d40874abb51980e4f3423a73daed1335',
182 silly get     server: 'cloudflare' } ]
183 verbose etag https://registry.npmjs.org/body-parser from cache
184 verbose get saving body-parser to /home/raamohan/.npm/registry.npmjs.org/body-parser/.cache.json
185 http 304 https://registry.npmjs.org/http-errors
186 verbose headers { date: 'Sat, 16 Nov 2019 14:07:38 GMT',
186 verbose headers   connection: 'keep-alive',
186 verbose headers   'set-cookie': [ '__cfduid=d0fb49e08c7a570da90629f6aae756a281573913258; expires=Sun, 15-Nov-20 14:07:38 GMT; path=/; domain=.npmjs.org; HttpOnly' ],
186 verbose headers   'cf-cache-status': 'HIT',
186 verbose headers   'cache-control': 'max-age=300',
186 verbose headers   'cf-ray': '536a084c2c1c896d-MAA',
186 verbose headers   age: '7016',
186 verbose headers   etag: '"4f9d278557ea8a403a4d9fb193be9854"',
186 verbose headers   'expect-ct': 'max-age=604800, report-uri="https://report-uri.cloudflare.com/cdn-cgi/beacon/expect-ct"',
186 verbose headers   'last-modified': 'Mon, 24 Jun 2019 23:21:23 GMT',
186 verbose headers   vary: 'accept-encoding, accept',
186 verbose headers   'x-amz-meta-rev': '90-119bd59685bed026e6e7a2d77b08053c',
186 verbose headers   server: 'cloudflare' }
187 silly get cb [ 304,
187 silly get   { date: 'Sat, 16 Nov 2019 14:07:38 GMT',
187 silly get     connection: 'keep-alive',
187 silly get     'set-cookie': [ '__cfduid=d0fb49e08c7a570da90629f6aae756a281573913258; expires=Sun, 15-Nov-20 14:07:38 GMT; path=/; domain=.npmjs.org; HttpOnly' ],
187 silly get     'cf-cache-status': 'HIT',
187 silly get     'cache-control': 'max-age=300',
187 silly get     'cf-ray': '536a084c2c1c896d-MAA',
187 silly get     age: '7016',
187 silly get     etag: '"4f9d278557ea8a403a4d9fb193be9854"',
187 silly get     'expect-ct': 'max-age=604800, report-uri="https://report-uri.cloudflare.com/cdn-cgi/beacon/expect-ct"',
187 silly get     'last-modified': 'Mon, 24 Jun 2019 23:21:23 GMT',
187 silly get     vary: 'accept-encoding, accept',
187 silly get     'x-amz-meta-rev': '90-119bd59685bed026e6e7a2d77b08053c',
187 silly get     server: 'cloudflare' } ]
188 verbose etag https://registry.npmjs.org/http-errors from cache
189 verbose get saving http-errors to /home/raamohan/.npm/registry.npmjs.org/http-errors/.cache.json
190 silly resolveWithNewModule debug@2.6.9 checking installable status
191 silly cache add args [ 'debug@~2.6.9', null ]
192 verbose cache add spec debug@~2.6.9
193 silly cache add parsed spec Result {
193 silly cache add   raw: 'debug@~2.6.9',
193 silly cache add   scope: null,
193 silly cache add   name: 'debug',
193 silly cache add   rawSpec: '~2.6.9',
193 silly cache add   spec: '>=2.6.9 <2.7.0',
193 silly cache add   type: 'range' }
194 silly addNamed debug@>=2.6.9 <2.7.0
195 verbose addNamed ">=2.6.9 <2.7.0" is a valid semver range for debug
196 silly addNameRange { name: 'debug', range: '>=2.6.9 <2.7.0', hasData: false }
197 silly mapToRegistry name debug
198 silly mapToRegistry using default registry
199 silly mapToRegistry registry https://registry.npmjs.org/
200 silly mapToRegistry uri https://registry.npmjs.org/debug
201 verbose addNameRange registry:https://registry.npmjs.org/debug not in flight; fetching
202 silly resolveWithNewModule passport-google-oauth@2.0.0 checking installable status
203 silly cache add args [ 'passport-google-oauth@2.0.0', null ]
204 verbose cache add spec passport-google-oauth@2.0.0
205 silly cache add parsed spec Result {
205 silly cache add   raw: 'passport-google-oauth@2.0.0',
205 silly cache add   scope: null,
205 silly cache add   name: 'passport-google-oauth',
205 silly cache add   rawSpec: '2.0.0',
205 silly cache add   spec: '2.0.0',
205 silly cache add   type: 'version' }
206 silly addNamed passport-google-oauth@2.0.0
207 verbose addNamed "2.0.0" is a plain semver version for passport-google-oauth
208 silly mapToRegistry name passport-google-oauth
209 silly mapToRegistry using default registry
210 silly mapToRegistry registry https://registry.npmjs.org/
211 silly mapToRegistry uri https://registry.npmjs.org/passport-google-oauth
212 verbose addNameVersion registry:https://registry.npmjs.org/passport-google-oauth not in flight; fetching
213 silly resolveWithNewModule passport@0.4.0 checking installable status
214 silly cache add args [ 'passport@0.4.0', null ]
215 verbose cache add spec passport@0.4.0
216 silly cache add parsed spec Result {
216 silly cache add   raw: 'passport@0.4.0',
216 silly cache add   scope: null,
216 silly cache add   name: 'passport',
216 silly cache add   rawSpec: '0.4.0',
216 silly cache add   spec: '0.4.0',
216 silly cache add   type: 'version' }
217 silly addNamed passport@0.4.0
218 verbose addNamed "0.4.0" is a plain semver version for passport
219 silly mapToRegistry name passport
220 silly mapToRegistry using default registry
221 silly mapToRegistry registry https://registry.npmjs.org/
222 silly mapToRegistry uri https://registry.npmjs.org/passport
223 verbose addNameVersion registry:https://registry.npmjs.org/passport not in flight; fetching
224 silly resolveWithNewModule mongoose@5.7.11 checking installable status
225 silly cache add args [ 'mongoose@5.7.11', null ]
226 verbose cache add spec mongoose@5.7.11
227 silly cache add parsed spec Result {
227 silly cache add   raw: 'mongoose@5.7.11',
227 silly cache add   scope: null,
227 silly cache add   name: 'mongoose',
227 silly cache add   rawSpec: '5.7.11',
227 silly cache add   spec: '5.7.11',
227 silly cache add   type: 'version' }
228 silly addNamed mongoose@5.7.11
229 verbose addNamed "5.7.11" is a plain semver version for mongoose
230 silly mapToRegistry name mongoose
231 silly mapToRegistry using default registry
232 silly mapToRegistry registry https://registry.npmjs.org/
233 silly mapToRegistry uri https://registry.npmjs.org/mongoose
234 verbose addNameVersion registry:https://registry.npmjs.org/mongoose not in flight; fetching
235 silly resolveWithNewModule pug@2.0.0-beta11 checking installable status
236 silly cache add args [ 'pug@2.0.0-beta11', null ]
237 verbose cache add spec pug@2.0.0-beta11
238 silly cache add parsed spec Result {
238 silly cache add   raw: 'pug@2.0.0-beta11',
238 silly cache add   scope: null,
238 silly cache add   name: 'pug',
238 silly cache add   rawSpec: '2.0.0-beta11',
238 silly cache add   spec: '2.0.0-beta11',
238 silly cache add   type: 'version' }
239 silly addNamed pug@2.0.0-beta11
240 verbose addNamed "2.0.0-beta11" is a plain semver version for pug
241 silly mapToRegistry name pug
242 silly mapToRegistry using default registry
243 silly mapToRegistry registry https://registry.npmjs.org/
244 silly mapToRegistry uri https://registry.npmjs.org/pug
245 verbose addNameVersion registry:https://registry.npmjs.org/pug not in flight; fetching
246 silly resolveWithNewModule morgan@1.9.1 checking installable status
247 silly cache add args [ 'morgan@~1.9.1', null ]
248 verbose cache add spec morgan@~1.9.1
249 silly cache add parsed spec Result {
249 silly cache add   raw: 'morgan@~1.9.1',
249 silly cache add   scope: null,
249 silly cache add   name: 'morgan',
249 silly cache add   rawSpec: '~1.9.1',
249 silly cache add   spec: '>=1.9.1 <1.10.0',
249 silly cache add   type: 'range' }
250 silly addNamed morgan@>=1.9.1 <1.10.0
251 verbose addNamed ">=1.9.1 <1.10.0" is a valid semver range for morgan
252 silly addNameRange { name: 'morgan', range: '>=1.9.1 <1.10.0', hasData: false }
253 silly mapToRegistry name morgan
254 silly mapToRegistry using default registry
255 silly mapToRegistry registry https://registry.npmjs.org/
256 silly mapToRegistry uri https://registry.npmjs.org/morgan
257 verbose addNameRange registry:https://registry.npmjs.org/morgan not in flight; fetching
258 silly resolveWithNewModule body-parser@1.19.0 checking installable status
259 silly cache add args [ 'body-parser@^1.19.0', null ]
260 verbose cache add spec body-parser@^1.19.0
261 silly cache add parsed spec Result {
261 silly cache add   raw: 'body-parser@^1.19.0',
261 silly cache add   scope: null,
261 silly cache add   name: 'body-parser',
261 silly cache add   rawSpec: '^1.19.0',
261 silly cache add   spec: '>=1.19.0 <2.0.0',
261 silly cache add   type: 'range' }
262 silly addNamed body-parser@>=1.19.0 <2.0.0
263 verbose addNamed ">=1.19.0 <2.0.0" is a valid semver range for body-parser
264 silly addNameRange { name: 'body-parser', range: '>=1.19.0 <2.0.0', hasData: false }
265 silly mapToRegistry name body-parser
266 silly mapToRegistry using default registry
267 silly mapToRegistry registry https://registry.npmjs.org/
268 silly mapToRegistry uri https://registry.npmjs.org/body-parser
269 verbose addNameRange registry:https://registry.npmjs.org/body-parser not in flight; fetching
270 silly resolveWithNewModule http-errors@1.6.3 checking installable status
271 silly cache add args [ 'http-errors@~1.6.3', null ]
272 verbose cache add spec http-errors@~1.6.3
273 silly cache add parsed spec Result {
273 silly cache add   raw: 'http-errors@~1.6.3',
273 silly cache add   scope: null,
273 silly cache add   name: 'http-errors',
273 silly cache add   rawSpec: '~1.6.3',
273 silly cache add   spec: '>=1.6.3 <1.7.0',
273 silly cache add   type: 'range' }
274 silly addNamed http-errors@>=1.6.3 <1.7.0
275 verbose addNamed ">=1.6.3 <1.7.0" is a valid semver range for http-errors
276 silly addNameRange { name: 'http-errors', range: '>=1.6.3 <1.7.0', hasData: false }
277 silly mapToRegistry name http-errors
278 silly mapToRegistry using default registry
279 silly mapToRegistry registry https://registry.npmjs.org/
280 silly mapToRegistry uri https://registry.npmjs.org/http-errors
281 verbose addNameRange registry:https://registry.npmjs.org/http-errors not in flight; fetching
282 verbose get https://registry.npmjs.org/debug not expired, no request
283 silly addNameRange number 2 { name: 'debug', range: '>=2.6.9 <2.7.0', hasData: true }
284 silly addNameRange versions [ 'debug',
284 silly addNameRange   [ '0.0.1',
284 silly addNameRange     '0.1.0',
284 silly addNameRange     '0.2.0',
284 silly addNameRange     '0.3.0',
284 silly addNameRange     '0.4.0',
284 silly addNameRange     '0.4.1',
284 silly addNameRange     '0.5.0',
284 silly addNameRange     '0.6.0',
284 silly addNameRange     '0.7.0',
284 silly addNameRange     '0.7.1',
284 silly addNameRange     '0.7.2',
284 silly addNameRange     '0.7.3',
284 silly addNameRange     '0.7.4',
284 silly addNameRange     '0.8.0',
284 silly addNameRange     '0.8.1',
284 silly addNameRange     '1.0.0',
284 silly addNameRange     '1.0.1',
284 silly addNameRange     '1.0.2',
284 silly addNameRange     '1.0.3',
284 silly addNameRange     '1.0.4',
284 silly addNameRange     '2.0.0',
284 silly addNameRange     '2.1.0',
284 silly addNameRange     '2.1.1',
284 silly addNameRange     '2.1.2',
284 silly addNameRange     '2.1.3',
284 silly addNameRange     '2.2.0',
284 silly addNameRange     '2.3.0',
284 silly addNameRange     '2.3.1',
284 silly addNameRange     '2.3.2',
284 silly addNameRange     '2.3.3',
284 silly addNameRange     '2.4.0',
284 silly addNameRange     '2.4.1',
284 silly addNameRange     '2.4.2',
284 silly addNameRange     '2.4.3',
284 silly addNameRange     '2.4.4',
284 silly addNameRange     '2.4.5',
284 silly addNameRange     '2.5.0',
284 silly addNameRange     '2.5.1',
284 silly addNameRange     '2.5.2',
284 silly addNameRange     '2.6.0',
284 silly addNameRange     '2.6.1',
284 silly addNameRange     '2.6.2',
284 silly addNameRange     '2.6.3',
284 silly addNameRange     '2.6.4',
284 silly addNameRange     '2.6.5',
284 silly addNameRange     '2.6.6',
284 silly addNameRange     '2.6.7',
284 silly addNameRange     '2.6.8',
284 silly addNameRange     '1.0.5',
284 silly addNameRange     '3.0.0',
284 silly addNameRange     '3.0.1',
284 silly addNameRange     '2.6.9',
284 silly addNameRange     '3.1.0',
284 silly addNameRange     '3.2.0',
284 silly addNameRange     '3.2.1',
284 silly addNameRange     '3.2.2',
284 silly addNameRange     '3.2.3',
284 silly addNameRange     '4.0.0',
284 silly addNameRange     '3.2.4',
284 silly addNameRange     '3.2.5',
284 silly addNameRange     '4.0.1',
284 silly addNameRange     '4.1.0',
284 silly addNameRange     '3.2.6',
284 silly addNameRange     '4.1.1' ] ]
285 silly addNamed debug@2.6.9
286 verbose addNamed "2.6.9" is a plain semver version for debug
287 verbose get https://registry.npmjs.org/passport-google-oauth not expired, no request
288 verbose get https://registry.npmjs.org/passport not expired, no request
289 verbose get https://registry.npmjs.org/mongoose not expired, no request
290 verbose get https://registry.npmjs.org/pug not expired, no request
291 verbose get https://registry.npmjs.org/morgan not expired, no request
292 silly addNameRange number 2 { name: 'morgan', range: '>=1.9.1 <1.10.0', hasData: true }
293 silly addNameRange versions [ 'morgan',
293 silly addNameRange   [ '1.0.0',
293 silly addNameRange     '1.0.1',
293 silly addNameRange     '1.1.0',
293 silly addNameRange     '1.1.1',
293 silly addNameRange     '1.2.0',
293 silly addNameRange     '1.2.1',
293 silly addNameRange     '1.2.2',
293 silly addNameRange     '1.2.3',
293 silly addNameRange     '1.3.0',
293 silly addNameRange     '1.3.1',
293 silly addNameRange     '1.3.2',
293 silly addNameRange     '1.4.0',
293 silly addNameRange     '1.4.1',
293 silly addNameRange     '1.5.0',
293 silly addNameRange     '1.5.1',
293 silly addNameRange     '1.5.2',
293 silly addNameRange     '1.5.3',
293 silly addNameRange     '1.6.0',
293 silly addNameRange     '1.6.1',
293 silly addNameRange     '1.7.0',
293 silly addNameRange     '1.8.0',
293 silly addNameRange     '1.8.1',
293 silly addNameRange     '1.8.2',
293 silly addNameRange     '1.9.0',
293 silly addNameRange     '1.9.1' ] ]
294 silly addNamed morgan@1.9.1
295 verbose addNamed "1.9.1" is a plain semver version for morgan
296 verbose get https://registry.npmjs.org/body-parser not expired, no request
297 silly addNameRange number 2 { name: 'body-parser', range: '>=1.19.0 <2.0.0', hasData: true }
298 silly addNameRange versions [ 'body-parser',
298 silly addNameRange   [ '1.0.0',
298 silly addNameRange     '1.0.1',
298 silly addNameRange     '1.0.2',
298 silly addNameRange     '1.1.0',
298 silly addNameRange     '1.1.1',
298 silly addNameRange     '1.1.2',
298 silly addNameRange     '1.2.0',
298 silly addNameRange     '1.2.1',
298 silly addNameRange     '1.2.2',
298 silly addNameRange     '1.3.0',
298 silly addNameRange     '1.3.1',
298 silly addNameRange     '1.4.0',
298 silly addNameRange     '1.4.1',
298 silly addNameRange     '1.4.2',
298 silly addNameRange     '1.4.3',
298 silly addNameRange     '1.5.0',
298 silly addNameRange     '1.5.1',
298 silly addNameRange     '1.5.2',
298 silly addNameRange     '1.6.0',
298 silly addNameRange     '1.6.1',
298 silly addNameRange     '1.6.2',
298 silly addNameRange     '1.6.3',
298 silly addNameRange     '1.6.4',
298 silly addNameRange     '1.6.5',
298 silly addNameRange     '1.6.6',
298 silly addNameRange     '1.6.7',
298 silly addNameRange     '1.7.0',
298 silly addNameRange     '1.8.0',
298 silly addNameRange     '1.8.1',
298 silly addNameRange     '1.8.2',
298 silly addNameRange     '1.8.3',
298 silly addNameRange     '1.8.4',
298 silly addNameRange     '1.9.0',
298 silly addNameRange     '1.9.1',
298 silly addNameRange     '1.9.2',
298 silly addNameRange     '1.9.3',
298 silly addNameRange     '1.10.0',
298 silly addNameRange     '1.10.1',
298 silly addNameRange     '1.10.2',
298 silly addNameRange     '1.11.0',
298 silly addNameRange     '1.12.0',
298 silly addNameRange     '1.12.1',
298 silly addNameRange     '1.12.2',
298 silly addNameRange     '1.12.3',
298 silly addNameRange     '1.12.4',
298 silly addNameRange     '1.13.0',
298 silly addNameRange     '1.13.1',
298 silly addNameRange     '1.13.2',
298 silly addNameRange     '1.13.3',
298 silly addNameRange     '1.14.0',
298 silly addNameRange     '1.14.1',
298 silly addNameRange     '1.14.2',
298 silly addNameRange     '1.15.0',
298 silly addNameRange     '1.15.1',
298 silly addNameRange     '1.15.2',
298 silly addNameRange     '1.16.0',
298 silly addNameRange     '1.16.1',
298 silly addNameRange     '1.17.0',
298 silly addNameRange     '1.17.1',
298 silly addNameRange     '1.17.2',
298 silly addNameRange     '1.18.0',
298 silly addNameRange     '1.18.1',
298 silly addNameRange     '1.18.2',
298 silly addNameRange     '1.18.3',
298 silly addNameRange     '1.19.0' ] ]
299 silly addNamed body-parser@1.19.0
300 verbose addNamed "1.19.0" is a plain semver version for body-parser
301 verbose get https://registry.npmjs.org/http-errors not expired, no request
302 silly addNameRange number 2 { name: 'http-errors', range: '>=1.6.3 <1.7.0', hasData: true }
303 silly addNameRange versions [ 'http-errors',
303 silly addNameRange   [ '0.0.1',
303 silly addNameRange     '1.0.0',
303 silly addNameRange     '1.0.1',
303 silly addNameRange     '1.1.0',
303 silly addNameRange     '1.2.0',
303 silly addNameRange     '1.2.1',
303 silly addNameRange     '1.2.2',
303 silly addNameRange     '1.2.3',
303 silly addNameRange     '1.2.4',
303 silly addNameRange     '1.2.5',
303 silly addNameRange     '1.2.6',
303 silly addNameRange     '1.2.7',
303 silly addNameRange     '1.2.8',
303 silly addNameRange     '1.3.0',
303 silly addNameRange     '1.3.1',
303 silly addNameRange     '1.4.0',
303 silly addNameRange     '1.5.0',
303 silly addNameRange     '1.5.1',
303 silly addNameRange     '1.6.0',
303 silly addNameRange     '1.6.1',
303 silly addNameRange     '1.6.2',
303 silly addNameRange     '1.6.3',
303 silly addNameRange     '1.7.0',
303 silly addNameRange     '1.7.1',
303 silly addNameRange     '1.7.2',
303 silly addNameRange     '1.7.3' ] ]
304 silly addNamed http-errors@1.6.3
305 verbose addNamed "1.6.3" is a plain semver version for http-errors
306 silly cache afterAdd debug@2.6.9
307 verbose afterAdd /home/raamohan/.npm/debug/2.6.9/package/package.json not in flight; writing
308 silly cache afterAdd passport-google-oauth@2.0.0
309 verbose afterAdd /home/raamohan/.npm/passport-google-oauth/2.0.0/package/package.json not in flight; writing
310 silly cache afterAdd passport@0.4.0
311 verbose afterAdd /home/raamohan/.npm/passport/0.4.0/package/package.json not in flight; writing
312 silly cache afterAdd mongoose@5.7.11
313 verbose afterAdd /home/raamohan/.npm/mongoose/5.7.11/package/package.json not in flight; writing
314 silly cache afterAdd pug@2.0.0-beta11
315 verbose afterAdd /home/raamohan/.npm/pug/2.0.0-beta11/package/package.json not in flight; writing
316 silly cache afterAdd morgan@1.9.1
317 verbose afterAdd /home/raamohan/.npm/morgan/1.9.1/package/package.json not in flight; writing
318 silly cache afterAdd body-parser@1.19.0
319 verbose afterAdd /home/raamohan/.npm/body-parser/1.19.0/package/package.json not in flight; writing
320 silly cache afterAdd http-errors@1.6.3
321 verbose afterAdd /home/raamohan/.npm/http-errors/1.6.3/package/package.json not in flight; writing
322 verbose afterAdd /home/raamohan/.npm/debug/2.6.9/package/package.json written
323 verbose afterAdd /home/raamohan/.npm/passport-google-oauth/2.0.0/package/package.json written
324 verbose afterAdd /home/raamohan/.npm/passport/0.4.0/package/package.json written
325 verbose afterAdd /home/raamohan/.npm/mongoose/5.7.11/package/package.json written
326 verbose afterAdd /home/raamohan/.npm/pug/2.0.0-beta11/package/package.json written
327 verbose afterAdd /home/raamohan/.npm/morgan/1.9.1/package/package.json written
328 verbose afterAdd /home/raamohan/.npm/body-parser/1.19.0/package/package.json written
329 verbose afterAdd /home/raamohan/.npm/http-errors/1.6.3/package/package.json written
330 http 404 https://registry.npmjs.org/ejb
331 verbose headers { date: 'Sat, 16 Nov 2019 14:07:39 GMT',
331 verbose headers   'content-type': 'application/json',
331 verbose headers   'content-length': '21',
331 verbose headers   connection: 'keep-alive',
331 verbose headers   'set-cookie': [ '__cfduid=d53f3b46127d3118c4b0f2e9104eba0521573913258; expires=Sun, 15-Nov-20 14:07:38 GMT; path=/; domain=.npmjs.org; HttpOnly' ],
331 verbose headers   'cf-cache-status': 'MISS',
331 verbose headers   'cache-control': 'max-age=300',
331 verbose headers   'cf-ray': '536a084c2b9b89a9-MAA',
331 verbose headers   'expect-ct': 'max-age=604800, report-uri="https://report-uri.cloudflare.com/cdn-cgi/beacon/expect-ct"',
331 verbose headers   vary: 'accept-encoding, accept',
331 verbose headers   server: 'cloudflare' }
332 silly get cb [ 404,
332 silly get   { date: 'Sat, 16 Nov 2019 14:07:39 GMT',
332 silly get     'content-type': 'application/json',
332 silly get     'content-length': '21',
332 silly get     connection: 'keep-alive',
332 silly get     'set-cookie': [ '__cfduid=d53f3b46127d3118c4b0f2e9104eba0521573913258; expires=Sun, 15-Nov-20 14:07:38 GMT; path=/; domain=.npmjs.org; HttpOnly' ],
332 silly get     'cf-cache-status': 'MISS',
332 silly get     'cache-control': 'max-age=300',
332 silly get     'cf-ray': '536a084c2b9b89a9-MAA',
332 silly get     'expect-ct': 'max-age=604800, report-uri="https://report-uri.cloudflare.com/cdn-cgi/beacon/expect-ct"',
332 silly get     vary: 'accept-encoding, accept',
332 silly get     server: 'cloudflare' } ]
333 silly fetchPackageMetaData Error: Not found : ejb
333 silly fetchPackageMetaData     at makeError (/usr/share/npm/node_modules/npm-registry-client/lib/request.js:264:12)
333 silly fetchPackageMetaData     at CachingRegistryClient.<anonymous> (/usr/share/npm/node_modules/npm-registry-client/lib/request.js:252:14)
333 silly fetchPackageMetaData     at Request._callback (/usr/share/npm/node_modules/npm-registry-client/lib/request.js:172:14)
333 silly fetchPackageMetaData     at Request.self.callback (/usr/share/npm/node_modules/request/request.js:198:22)
333 silly fetchPackageMetaData     at emitTwo (events.js:87:13)
333 silly fetchPackageMetaData     at Request.emit (events.js:172:7)
333 silly fetchPackageMetaData     at Request.<anonymous> (/usr/share/npm/node_modules/request/request.js:1082:10)
333 silly fetchPackageMetaData     at emitOne (events.js:82:20)
333 silly fetchPackageMetaData     at Request.emit (events.js:169:7)
333 silly fetchPackageMetaData     at IncomingMessage.<anonymous> (/usr/share/npm/node_modules/request/request.js:1009:12)
333 silly fetchPackageMetaData  error for ejb@2.7.2 { [Error: Not found : ejb] pkgid: 'ejb', statusCode: 404, code: 'E404' }
334 http 304 https://registry.npmjs.org/cookie-parser
335 verbose headers { date: 'Sat, 16 Nov 2019 14:07:43 GMT',
335 verbose headers   connection: 'keep-alive',
335 verbose headers   'set-cookie': [ '__cfduid=d2685552e60a20d3be0425cc6687d35b01573913263; expires=Sun, 15-Nov-20 14:07:43 GMT; path=/; domain=.npmjs.org; HttpOnly' ],
335 verbose headers   'cf-cache-status': 'HIT',
335 verbose headers   'cache-control': 'max-age=300',
335 verbose headers   'cf-ray': '536a0869fde9dcb1-MAA',
335 verbose headers   age: '3215',
335 verbose headers   etag: '"46619525bd31a23c6d40b5ae29d11c90"',
335 verbose headers   'expect-ct': 'max-age=604800, report-uri="https://report-uri.cloudflare.com/cdn-cgi/beacon/expect-ct"',
335 verbose headers   'last-modified': 'Sun, 10 Mar 2019 10:51:01 GMT',
335 verbose headers   vary: 'accept-encoding, accept',
335 verbose headers   'x-amz-meta-rev': '292-de1aa5a96de7dd6e6aab1b92ffb57206',
335 verbose headers   server: 'cloudflare' }
336 silly get cb [ 304,
336 silly get   { date: 'Sat, 16 Nov 2019 14:07:43 GMT',
336 silly get     connection: 'keep-alive',
336 silly get     'set-cookie': [ '__cfduid=d2685552e60a20d3be0425cc6687d35b01573913263; expires=Sun, 15-Nov-20 14:07:43 GMT; path=/; domain=.npmjs.org; HttpOnly' ],
336 silly get     'cf-cache-status': 'HIT',
336 silly get     'cache-control': 'max-age=300',
336 silly get     'cf-ray': '536a0869fde9dcb1-MAA',
336 silly get     age: '3215',
336 silly get     etag: '"46619525bd31a23c6d40b5ae29d11c90"',
336 silly get     'expect-ct': 'max-age=604800, report-uri="https://report-uri.cloudflare.com/cdn-cgi/beacon/expect-ct"',
336 silly get     'last-modified': 'Sun, 10 Mar 2019 10:51:01 GMT',
336 silly get     vary: 'accept-encoding, accept',
336 silly get     'x-amz-meta-rev': '292-de1aa5a96de7dd6e6aab1b92ffb57206',
336 silly get     server: 'cloudflare' } ]
337 verbose etag https://registry.npmjs.org/cookie-parser from cache
338 verbose get saving cookie-parser to /home/raamohan/.npm/registry.npmjs.org/cookie-parser/.cache.json
339 silly resolveWithNewModule cookie-parser@1.4.4 checking installable status
340 silly cache add args [ 'cookie-parser@~1.4.4', null ]
341 verbose cache add spec cookie-parser@~1.4.4
342 silly cache add parsed spec Result {
342 silly cache add   raw: 'cookie-parser@~1.4.4',
342 silly cache add   scope: null,
342 silly cache add   name: 'cookie-parser',
342 silly cache add   rawSpec: '~1.4.4',
342 silly cache add   spec: '>=1.4.4 <1.5.0',
342 silly cache add   type: 'range' }
343 silly addNamed cookie-parser@>=1.4.4 <1.5.0
344 verbose addNamed ">=1.4.4 <1.5.0" is a valid semver range for cookie-parser
345 silly addNameRange { name: 'cookie-parser',
345 silly addNameRange   range: '>=1.4.4 <1.5.0',
345 silly addNameRange   hasData: false }
346 silly mapToRegistry name cookie-parser
347 silly mapToRegistry using default registry
348 silly mapToRegistry registry https://registry.npmjs.org/
349 silly mapToRegistry uri https://registry.npmjs.org/cookie-parser
350 verbose addNameRange registry:https://registry.npmjs.org/cookie-parser not in flight; fetching
351 verbose get https://registry.npmjs.org/cookie-parser not expired, no request
352 silly addNameRange number 2 { name: 'cookie-parser', range: '>=1.4.4 <1.5.0', hasData: true }
353 silly addNameRange versions [ 'cookie-parser',
353 silly addNameRange   [ '1.0.0',
353 silly addNameRange     '1.0.1',
353 silly addNameRange     '1.1.0',
353 silly addNameRange     '1.2.0',
353 silly addNameRange     '1.3.0',
353 silly addNameRange     '1.3.1',
353 silly addNameRange     '1.3.2',
353 silly addNameRange     '1.3.3',
353 silly addNameRange     '1.3.4',
353 silly addNameRange     '1.3.5',
353 silly addNameRange     '1.4.0',
353 silly addNameRange     '1.4.1',
353 silly addNameRange     '1.4.2',
353 silly addNameRange     '1.4.3',
353 silly addNameRange     '1.4.4' ] ]
354 silly addNamed cookie-parser@1.4.4
355 verbose addNamed "1.4.4" is a plain semver version for cookie-parser
356 silly cache afterAdd cookie-parser@1.4.4
357 verbose afterAdd /home/raamohan/.npm/cookie-parser/1.4.4/package/package.json not in flight; writing
358 verbose afterAdd /home/raamohan/.npm/cookie-parser/1.4.4/package/package.json written
359 http 304 https://registry.npmjs.org/express-session
360 verbose headers { date: 'Sat, 16 Nov 2019 14:07:43 GMT',
360 verbose headers   connection: 'keep-alive',
360 verbose headers   'set-cookie': [ '__cfduid=d3f1931bedde590998365e0faa229e20d1573913263; expires=Sun, 15-Nov-20 14:07:43 GMT; path=/; domain=.npmjs.org; HttpOnly' ],
360 verbose headers   'cf-cache-status': 'HIT',
360 verbose headers   'cache-control': 'max-age=300',
360 verbose headers   'cf-ray': '536a086a2e588961-MAA',
360 verbose headers   age: '2754',
360 verbose headers   etag: '"9f3f729f3bd181780180c87e5df441e6"',
360 verbose headers   'expect-ct': 'max-age=604800, report-uri="https://report-uri.cloudflare.com/cdn-cgi/beacon/expect-ct"',
360 verbose headers   'last-modified': 'Fri, 11 Oct 2019 03:08:59 GMT',
360 verbose headers   vary: 'accept-encoding, accept',
360 verbose headers   'x-amz-meta-rev': '526-a94a3711b7988e9136b33d49817c09ab',
360 verbose headers   server: 'cloudflare' }
361 silly get cb [ 304,
361 silly get   { date: 'Sat, 16 Nov 2019 14:07:43 GMT',
361 silly get     connection: 'keep-alive',
361 silly get     'set-cookie': [ '__cfduid=d3f1931bedde590998365e0faa229e20d1573913263; expires=Sun, 15-Nov-20 14:07:43 GMT; path=/; domain=.npmjs.org; HttpOnly' ],
361 silly get     'cf-cache-status': 'HIT',
361 silly get     'cache-control': 'max-age=300',
361 silly get     'cf-ray': '536a086a2e588961-MAA',
361 silly get     age: '2754',
361 silly get     etag: '"9f3f729f3bd181780180c87e5df441e6"',
361 silly get     'expect-ct': 'max-age=604800, report-uri="https://report-uri.cloudflare.com/cdn-cgi/beacon/expect-ct"',
361 silly get     'last-modified': 'Fri, 11 Oct 2019 03:08:59 GMT',
361 silly get     vary: 'accept-encoding, accept',
361 silly get     'x-amz-meta-rev': '526-a94a3711b7988e9136b33d49817c09ab',
361 silly get     server: 'cloudflare' } ]
362 verbose etag https://registry.npmjs.org/express-session from cache
363 verbose get saving express-session to /home/raamohan/.npm/registry.npmjs.org/express-session/.cache.json
364 silly resolveWithNewModule express-session@1.17.0 checking installable status
365 silly cache add args [ 'express-session@1.17.0', null ]
366 verbose cache add spec express-session@1.17.0
367 silly cache add parsed spec Result {
367 silly cache add   raw: 'express-session@1.17.0',
367 silly cache add   scope: null,
367 silly cache add   name: 'express-session',
367 silly cache add   rawSpec: '1.17.0',
367 silly cache add   spec: '1.17.0',
367 silly cache add   type: 'version' }
368 silly addNamed express-session@1.17.0
369 verbose addNamed "1.17.0" is a plain semver version for express-session
370 silly mapToRegistry name express-session
371 silly mapToRegistry using default registry
372 silly mapToRegistry registry https://registry.npmjs.org/
373 silly mapToRegistry uri https://registry.npmjs.org/express-session
374 verbose addNameVersion registry:https://registry.npmjs.org/express-session not in flight; fetching
375 verbose get https://registry.npmjs.org/express-session not expired, no request
376 silly cache afterAdd express-session@1.17.0
377 verbose afterAdd /home/raamohan/.npm/express-session/1.17.0/package/package.json not in flight; writing
378 verbose afterAdd /home/raamohan/.npm/express-session/1.17.0/package/package.json written
379 http 304 https://registry.npmjs.org/express
380 verbose headers { date: 'Sat, 16 Nov 2019 14:07:43 GMT',
380 verbose headers   connection: 'keep-alive',
380 verbose headers   'set-cookie': [ '__cfduid=dce471751a4a3f3452443e7e2280840791573913263; expires=Sun, 15-Nov-20 14:07:43 GMT; path=/; domain=.npmjs.org; HttpOnly' ],
380 verbose headers   'cf-cache-status': 'HIT',
380 verbose headers   'cache-control': 'max-age=300',
380 verbose headers   'cf-ray': '536a086a7ddbdc89-MAA',
380 verbose headers   age: '6515',
380 verbose headers   etag: '"f940e01a8b2087129c426bf8863780bc"',
380 verbose headers   'expect-ct': 'max-age=604800, report-uri="https://report-uri.cloudflare.com/cdn-cgi/beacon/expect-ct"',
380 verbose headers   'last-modified': 'Wed, 07 Aug 2019 14:59:56 GMT',
380 verbose headers   vary: 'accept-encoding, accept',
380 verbose headers   'x-amz-meta-rev': '3894-1adef653e6ae1507577911ce15dea3e4',
380 verbose headers   server: 'cloudflare' }
381 silly get cb [ 304,
381 silly get   { date: 'Sat, 16 Nov 2019 14:07:43 GMT',
381 silly get     connection: 'keep-alive',
381 silly get     'set-cookie': [ '__cfduid=dce471751a4a3f3452443e7e2280840791573913263; expires=Sun, 15-Nov-20 14:07:43 GMT; path=/; domain=.npmjs.org; HttpOnly' ],
381 silly get     'cf-cache-status': 'HIT',
381 silly get     'cache-control': 'max-age=300',
381 silly get     'cf-ray': '536a086a7ddbdc89-MAA',
381 silly get     age: '6515',
381 silly get     etag: '"f940e01a8b2087129c426bf8863780bc"',
381 silly get     'expect-ct': 'max-age=604800, report-uri="https://report-uri.cloudflare.com/cdn-cgi/beacon/expect-ct"',
381 silly get     'last-modified': 'Wed, 07 Aug 2019 14:59:56 GMT',
381 silly get     vary: 'accept-encoding, accept',
381 silly get     'x-amz-meta-rev': '3894-1adef653e6ae1507577911ce15dea3e4',
381 silly get     server: 'cloudflare' } ]
382 verbose etag https://registry.npmjs.org/express from cache
383 verbose get saving express to /home/raamohan/.npm/registry.npmjs.org/express/.cache.json
384 silly resolveWithNewModule express@4.17.1 checking installable status
385 silly cache add args [ 'express@^4.16.4', null ]
386 verbose cache add spec express@^4.16.4
387 silly cache add parsed spec Result {
387 silly cache add   raw: 'express@^4.16.4',
387 silly cache add   scope: null,
387 silly cache add   name: 'express',
387 silly cache add   rawSpec: '^4.16.4',
387 silly cache add   spec: '>=4.16.4 <5.0.0',
387 silly cache add   type: 'range' }
388 silly addNamed express@>=4.16.4 <5.0.0
389 verbose addNamed ">=4.16.4 <5.0.0" is a valid semver range for express
390 silly addNameRange { name: 'express', range: '>=4.16.4 <5.0.0', hasData: false }
391 silly mapToRegistry name express
392 silly mapToRegistry using default registry
393 silly mapToRegistry registry https://registry.npmjs.org/
394 silly mapToRegistry uri https://registry.npmjs.org/express
395 verbose addNameRange registry:https://registry.npmjs.org/express not in flight; fetching
396 verbose get https://registry.npmjs.org/express not expired, no request
397 silly addNameRange number 2 { name: 'express', range: '>=4.16.4 <5.0.0', hasData: true }
398 silly addNameRange versions [ 'express',
398 silly addNameRange   [ '0.14.0',
398 silly addNameRange     '0.14.1',
398 silly addNameRange     '1.0.0',
398 silly addNameRange     '1.0.1',
398 silly addNameRange     '1.0.2',
398 silly addNameRange     '1.0.3',
398 silly addNameRange     '1.0.4',
398 silly addNameRange     '1.0.5',
398 silly addNameRange     '1.0.6',
398 silly addNameRange     '1.0.7',
398 silly addNameRange     '1.0.8',
398 silly addNameRange     '2.0.0',
398 silly addNameRange     '2.1.0',
398 silly addNameRange     '2.1.1',
398 silly addNameRange     '2.2.0',
398 silly addNameRange     '2.2.1',
398 silly addNameRange     '2.2.2',
398 silly addNameRange     '2.3.0',
398 silly addNameRange     '2.3.1',
398 silly addNameRange     '2.3.2',
398 silly addNameRange     '2.3.3',
398 silly addNameRange     '2.3.4',
398 silly addNameRange     '2.3.5',
398 silly addNameRange     '2.3.6',
398 silly addNameRange     '2.3.7',
398 silly addNameRange     '2.3.8',
398 silly addNameRange     '2.3.9',
398 silly addNameRange     '2.3.10',
398 silly addNameRange     '2.3.11',
398 silly addNameRange     '2.3.12',
398 silly addNameRange     '2.4.0',
398 silly addNameRange     '2.4.1',
398 silly addNameRange     '2.4.2',
398 silly addNameRange     '2.4.3',
398 silly addNameRange     '2.4.4',
398 silly addNameRange     '2.4.5',
398 silly addNameRange     '2.4.6',
398 silly addNameRange     '2.4.7',
398 silly addNameRange     '2.5.0',
398 silly addNameRange     '2.5.1',
398 silly addNameRange     '2.5.2',
398 silly addNameRange     '2.5.3',
398 silly addNameRange     '2.5.4',
398 silly addNameRange     '2.5.5',
398 silly addNameRange     '2.5.6',
398 silly addNameRange     '2.5.7',
398 silly addNameRange     '2.5.8',
398 silly addNameRange     '2.5.9',
398 silly addNameRange     '2.5.10',
398 silly addNameRange     '2.5.11',
398 silly addNameRange     '3.0.0',
398 silly addNameRange     '3.0.1',
398 silly addNameRange     '3.0.2',
398 silly addNameRange     '3.0.3',
398 silly addNameRange     '3.0.4',
398 silly addNameRange     '3.0.5',
398 silly addNameRange     '3.0.6',
398 silly addNameRange     '3.1.0',
398 silly addNameRange     '3.1.1',
398 silly addNameRange     '3.1.2',
398 silly addNameRange     '3.2.0',
398 silly addNameRange     '3.2.1',
398 silly addNameRange     '3.2.2',
398 silly addNameRange     '3.2.3',
398 silly addNameRange     '3.2.4',
398 silly addNameRange     '3.2.5',
398 silly addNameRange     '3.2.6',
398 silly addNameRange     '3.3.0',
398 silly addNameRange     '3.3.1',
398 silly addNameRange     '3.3.2',
398 silly addNameRange     '3.3.3',
398 silly addNameRange     '3.3.4',
398 silly addNameRange     '3.3.5',
398 silly addNameRange     '3.3.6',
398 silly addNameRange     '1.0.0-beta',
398 silly addNameRange     '1.0.0-beta2',
398 silly addNameRange     '1.0.0-rc',
398 silly addNameRange     '1.0.0-rc2',
398 silly addNameRange     '1.0.0-rc3',
398 silly addNameRange     '1.0.0-rc4',
398 silly addNameRange     '2.0.0-beta',
398 silly addNameRange     '2.0.0-beta2',
398 silly addNameRange     '2.0.0-beta3',
398 silly addNameRange     '2.0.0-rc',
398 silly addNameRange     '2.0.0-rc2',
398 silly addNameRange     '2.0.0-rc3',
398 silly addNameRange     '3.0.0-alpha1',
398 silly addNameRange     '3.0.0-alpha2',
398 silly addNameRange     '3.0.0-alpha3',
398 silly addNameRange     '3.0.0-alpha4',
398 silly addNameRange     '3.0.0-alpha5',
398 silly addNameRange     '3.0.0-beta1',
398 silly addNameRange     '3.0.0-beta2',
398 silly addNameRange     '3.0.0-beta3',
398 silly addNameRange     '3.0.0-beta4',
398 silly addNameRange     '3.0.0-beta6',
398 silly addNameRange     '3.0.0-beta7',
398 silly addNameRange     '3.0.0-rc1',
398 silly addNameRange     '3.0.0-rc2',
398 silly addNameRange     '3.0.0-rc3',
398 silly addNameRange     '3.0.0-rc4',
398 silly addNameRange     '3.0.0-rc5',
398 silly addNameRange     '3.3.7',
398 silly addNameRange     '3.3.8',
398 silly addNameRange     '3.4.0',
398 silly addNameRange     '3.4.1',
398 silly addNameRange     '3.4.2',
398 silly addNameRange     '3.4.3',
398 silly addNameRange     '3.4.4',
398 silly addNameRange     '3.4.5',
398 silly addNameRange     '3.4.6',
398 silly addNameRange     '3.4.7',
398 silly addNameRange     '3.4.8',
398 silly addNameRange     '4.0.0-rc1',
398 silly addNameRange     '4.0.0-rc2',
398 silly addNameRange     '3.5.0',
398 silly addNameRange     '4.0.0-rc3',
398 silly addNameRange     '4.0.0-rc4',
398 silly addNameRange     '3.5.1',
398 silly addNameRange     '4.0.0',
398 silly addNameRange     '3.5.2',
398 silly addNameRange     '4.1.0',
398 silly addNameRange     '4.1.1',
398 silly addNameRange     '3.5.3',
398 silly addNameRange     '4.1.2',
398 silly addNameRange     '3.6.0',
398 silly addNameRange     '4.2.0',
398 silly addNameRange     '3.7.0',
398 silly addNameRange     '3.8.0',
398 silly addNameRange     '4.3.0',
398 silly addNameRange     '4.3.1',
398 silly addNameRange     '3.8.1',
398 silly addNameRange     '4.3.2',
398 silly addNameRange     '3.9.0',
398 silly addNameRange     '4.4.0',
398 silly addNameRange     '4.4.1',
398 silly addNameRange     '3.10.0',
398 silly addNameRange     '3.10.1',
398 silly addNameRange     '3.10.2',
398 silly addNameRange     '3.10.3',
398 silly addNameRange     '3.10.4',
398 silly addNameRange     '4.4.2',
398 silly addNameRange     '3.10.5',
398 silly addNameRange     '4.4.3',
398 silly addNameRange     '3.11.0',
398 silly addNameRange     '4.4.4',
398 silly addNameRange     '3.12.0',
398 silly addNameRange     '3.12.1',
398 silly addNameRange     '4.4.5',
398 silly addNameRange     '3.13.0',
398 silly addNameRange     '4.5.0',
398 silly addNameRange     '4.5.1',
398 silly addNameRange     '3.14.0',
398 silly addNameRange     '4.6.0',
398 silly addNameRange     '4.6.1',
398 silly addNameRange     '3.15.0',
398 silly addNameRange     '4.7.0',
398 silly addNameRange     '3.15.1',
398 silly addNameRange     '4.7.1',
398 silly addNameRange     '3.15.2',
398 silly addNameRange     '4.7.2',
398 silly addNameRange     '4.7.3',
398 silly addNameRange     '3.15.3',
398 silly addNameRange     '4.7.4',
398 silly addNameRange     '3.16.0',
398 silly addNameRange     '4.8.0',
398 silly addNameRange     '3.16.1',
398 silly addNameRange     '4.8.1',
398 silly addNameRange     '3.16.2',
398 silly addNameRange     '4.8.2',
398 silly addNameRange     '3.16.3',
398 silly addNameRange     '3.16.4',
398 silly addNameRange     '4.8.3',
398 silly addNameRange     '3.16.5',
398 silly addNameRange     '3.16.6',
398 silly addNameRange     '4.8.4',
398 silly addNameRange     '3.16.7',
398 silly addNameRange     '4.8.5',
398 silly addNameRange     '3.16.8',
398 silly addNameRange     '4.8.6',
398 silly addNameRange     '3.16.9',
398 silly addNameRange     '4.8.7',
398 silly addNameRange     '3.16.10',
398 silly addNameRange     '4.8.8',
398 silly addNameRange     '3.17.0',
398 silly addNameRange     '3.17.1',
398 silly addNameRange     '4.9.0',
398 silly addNameRange     '3.17.2',
398 silly addNameRange     '4.9.1',
398 silly addNameRange     '4.9.2',
398 silly addNameRange     '3.17.3',
398 silly addNameRange     '4.9.3',
398 silly addNameRange     '3.17.4',
398 silly addNameRange     '4.9.4',
398 silly addNameRange     '3.17.5',
398 silly addNameRange     '4.9.5',
398 silly addNameRange     '3.17.6',
398 silly addNameRange     '3.17.7',
398 silly addNameRange     '4.9.6',
398 silly addNameRange     '4.9.7',
398 silly addNameRange     '3.17.8',
398 silly addNameRange     '4.9.8',
398 silly addNameRange     '3.18.0',
398 silly addNameRange     '3.18.1',
398 silly addNameRange     '4.10.0',
398 silly addNameRange     '3.18.2',
398 silly addNameRange     '4.10.1',
398 silly addNameRange     '5.0.0-alpha.1',
398 silly addNameRange     '3.18.3',
398 silly addNameRange     '4.10.2',
398 silly addNameRange     '3.18.4',
398 silly addNameRange     '4.10.3',
398 silly addNameRange     '4.10.4',
398 silly addNameRange     '4.10.5',
398 silly addNameRange     '3.18.5',
398 silly addNameRange     '3.18.6',
398 silly addNameRange     '4.10.6',
398 silly addNameRange     '4.10.7',
398 silly addNameRange     '3.19.0',
398 silly addNameRange     '4.10.8',
398 silly addNameRange     '4.11.0',
398 silly addNameRange     '3.19.1',
398 silly addNameRange     '4.11.1',
398 silly addNameRange     '3.19.2',
398 silly addNameRange     '4.11.2',
398 silly addNameRange     '3.20.0',
398 silly addNameRange     '4.12.0',
398 silly addNameRange     '3.20.1',
398 silly addNameRange     '4.12.1',
398 silly addNameRange     '4.12.2',
398 silly addNameRange     '3.20.2',
398 silly addNameRange     '4.12.3',
398 silly addNameRange     '3.20.3',
398 silly addNameRange     '4.12.4',
398 silly addNameRange     '3.21.0',
398 silly addNameRange     '4.13.0',
398 silly addNameRange     '3.21.1',
398 silly addNameRange     '4.13.1',
398 silly addNameRange     '5.0.0-alpha.2',
398 silly addNameRange     '3.21.2',
398 silly addNameRange     '4.13.2',
398 silly addNameRange     '4.13.3',
398 silly addNameRange     '4.13.4',
398 silly addNameRange     '4.14.0',
398 silly addNameRange     '4.14.1',
398 silly addNameRange     '5.0.0-alpha.3',
398 silly addNameRange     '4.15.0',
398 silly addNameRange     '5.0.0-alpha.4',
398 silly addNameRange     '4.15.1',
398 silly addNameRange     '4.15.2',
398 silly addNameRange     '5.0.0-alpha.5',
398 silly addNameRange     '4.15.3',
398 silly addNameRange     '4.15.4',
398 silly addNameRange     '4.15.5',
398 silly addNameRange     '5.0.0-alpha.6',
398 silly addNameRange     '4.16.0',
398 silly addNameRange     '4.16.1',
398 silly addNameRange     '4.16.2',
398 silly addNameRange     '4.16.3',
398 silly addNameRange     '4.16.4',
398 silly addNameRange     '5.0.0-alpha.7',
398 silly addNameRange     '4.17.0',
398 silly addNameRange     '4.17.1' ] ]
399 silly addNamed express@4.17.1
400 verbose addNamed "4.17.1" is a plain semver version for express
401 silly cache afterAdd express@4.17.1
402 verbose afterAdd /home/raamohan/.npm/express/4.17.1/package/package.json not in flight; writing
403 verbose afterAdd /home/raamohan/.npm/express/4.17.1/package/package.json written
404 silly rollbackFailedOptional Starting
405 silly rollbackFailedOptional Finishing
406 silly runTopLevelLifecycles Starting
407 silly runTopLevelLifecycles Finishing
408 silly install printInstalled
409 verbose stack Error: Not found : ejb
409 verbose stack     at makeError (/usr/share/npm/node_modules/npm-registry-client/lib/request.js:264:12)
409 verbose stack     at CachingRegistryClient.<anonymous> (/usr/share/npm/node_modules/npm-registry-client/lib/request.js:252:14)
409 verbose stack     at Request._callback (/usr/share/npm/node_modules/npm-registry-client/lib/request.js:172:14)
409 verbose stack     at Request.self.callback (/usr/share/npm/node_modules/request/request.js:198:22)
409 verbose stack     at emitTwo (events.js:87:13)
409 verbose stack     at Request.emit (events.js:172:7)
409 verbose stack     at Request.<anonymous> (/usr/share/npm/node_modules/request/request.js:1082:10)
409 verbose stack     at emitOne (events.js:82:20)
409 verbose stack     at Request.emit (events.js:169:7)
409 verbose stack     at IncomingMessage.<anonymous> (/usr/share/npm/node_modules/request/request.js:1009:12)
410 verbose statusCode 404
411 verbose pkgid ejb
412 verbose cwd /home/raamohan/Desktop/mohan/BookApp
413 error Linux 4.15.0-43-generic
414 error argv "/usr/bin/nodejs" "/usr/bin/npm" "install"
415 error node v4.2.6
416 error npm  v3.5.2
417 error code E404
418 error 404 Not found : ejb
419 error 404
420 error 404 'ejb' is not in the npm registry.
421 error 404 You should bug the author to publish it (or use the name yourself!)
422 error 404 It was specified as a dependency of 'bookapplication'
423 error 404 Note that you can also install from a
424 error 404 tarball, folder, http url, or git url.
425 verbose exit [ 1, true ]
